<?xml version="1.0" encoding="UTF-8"?>
<testng-results ignored="0" total="1" passed="1" failed="0" skipped="0">
  <reporter-output>
  </reporter-output>
  <suite started-at="2023-11-15T21:27:52 IST" name="Default suite" finished-at="2023-11-15T21:28:10 IST" duration-ms="17605">
    <groups>
    </groups>
    <test started-at="2023-11-15T21:27:52 IST" name="Default test" finished-at="2023-11-15T21:28:10 IST" duration-ms="17605">
      <class name="com.StepDefnition.trial">
        <test-method signature="open()[pri:0, instance:com.StepDefnition.trial@49139829]" started-at="2023-11-15T21:27:52 IST" name="open" finished-at="2023-11-15T21:28:10 IST" duration-ms="17542" status="PASS">
          <reporter-output>
          </reporter-output>
        </test-method> <!-- open -->
      </class> <!-- com.StepDefnition.trial -->
    </test> <!-- Default test -->
  </suite> <!-- Default suite -->
</testng-results>
